<?xml version="1.0" encoding="utf-8"?>
<?AutomationStudio Version=3.0?>
<Transfer xmlns="http://br-automation.co.at/AS/Transfer">
  <OperatingSystem Version="C4.72"/>
  <Hardware Target="SG4"/>
  <Operation Delete="Blikanie1s.br"/>
  <Operation Delete="Blikanie50.br"/>
  <Operation Delete="OvladanieV.br"/>
  <Operation Delete="Alarmy.br"/>
  <Operation Delete="Preklapac.br"/>
  <Operation Delete="DatumCasPL.br"/>
  <Operation Delete="Blikanie20.br"/>
  <Operation Delete="Blikanie10.br"/>
  <Operation Delete="SC.br"/>
  <Operation Delete="IecCheck.br"/>
  <Operation Delete="asieccon.br"/>
  <Operation Delete="astime.br"/>
  <Operation Delete="sys_lib.br"/>
  <Operation Download="ashwd.br" Memory="SystemROM"/>
  <Operation Download="asfw.br" Memory="SystemROM"/>
  <Operation Download="arconfig.br" Memory="SystemROM"/>
  <Operation Download="sysconf.br" Memory="SystemROM"/>
  <Operation Restart="warm"/>
  <Operation Download="Runtime.br" Memory="UserROM"/>
  <Operation Download="AsBrStr.br" Memory="UserROM"/>
  <Operation Download="sys_lib.br" Memory="UserROM"/>
  <Operation Download="standard.br" Memory="UserROM"/>
  <Operation Download="astime.br" Memory="UserROM"/>
  <Operation Download="asieccon.br" Memory="UserROM"/>
  <Operation Download="IecCheck.br" Memory="UserROM"/>
  <Operation Download="SC.br" Memory="UserROM"/>
  <Operation Download="ashwac.br" Memory="UserROM"/>
  <Operation Download="FWRules.br" Memory="UserROM"/>
  <Operation Download="iomap.br" Memory="UserROM"/>
  <Operation Download="Role.br" Memory="UserROM"/>
  <Operation Download="TCData.br" Memory="SystemROM"/>
  <Operation Download="udbdef.br" Memory="UserROM"/>
  <Operation Download="User.br" Memory="UserROM"/>
  <Operation Download="Blikanie10.br" Memory="UserROM"/>
  <Operation Download="Blikanie20.br" Memory="UserROM"/>
  <Operation Download="DatumCasPL.br" Memory="UserROM"/>
  <Operation Download="Preklapac.br" Memory="UserROM"/>
  <Operation Download="Alarmy.br" Memory="UserROM"/>
  <Operation Download="OvladanieV.br" Memory="UserROM"/>
  <Operation Download="Blikanie50.br" Memory="UserROM"/>
  <Operation Download="Blikanie1s.br" Memory="UserROM"/>
</Transfer>