<?xml version="1.0" encoding="utf-8"?>
<?AutomationStudio Version="4.7.6.114 SP"?>
<Objects>
  <Object
    Path="D:\Projekty BER\Embraco_ZariadenieNaPreklapanieRotorov_A2021001\Logical\Package.pkg"
    LogicalPath=""
    Type="Package.ParentUnknown"
    LastWriteTime="132292720638721972" />
  <Object
    Path="D:\Projekty BER\Embraco_ZariadenieNaPreklapanieRotorov_A2021001\Logical\Global.typ"
    LogicalPath="Global.typ"
    Type="File"
    LastWriteTime="132292720293777551"
    Private="false" />
  <Object
    Path="D:\Projekty BER\Embraco_ZariadenieNaPreklapanieRotorov_A2021001\Logical\Global.var"
    LogicalPath="Global.var"
    Type="File"
    LastWriteTime="132292720301918267"
    Private="false" />
  <Object
    Path="D:\Projekty BER\Embraco_ZariadenieNaPreklapanieRotorov_A2021001\Logical\Libraries\Package.pkg"
    LogicalPath="Libraries"
    Type="Package"
    LastWriteTime="132654665267818194" />
  <Object
    Path="D:\Projekty BER\Embraco_ZariadenieNaPreklapanieRotorov_A2021001\Logical\Libraries\Runtime\Binary.lby"
    LogicalPath="Libraries.Runtime"
    Type="Library"
    LastWriteTime="130560330440000000" />
  <Object
    Path="D:\Projekty BER\Embraco_ZariadenieNaPreklapanieRotorov_A2021001\Logical\Libraries\Runtime\runtime.var"
    LogicalPath="Libraries.Runtime.runtime.var"
    Type="File"
    LastWriteTime="130560330440000000"
    Private="false" />
  <Object
    Path="D:\Projekty BER\Embraco_ZariadenieNaPreklapanieRotorov_A2021001\Logical\Libraries\Runtime\runtime.typ"
    LogicalPath="Libraries.Runtime.runtime.typ"
    Type="File"
    LastWriteTime="130560330440000000"
    Private="false" />
  <Object
    Path="D:\Projekty BER\Embraco_ZariadenieNaPreklapanieRotorov_A2021001\Logical\Libraries\Runtime\runtime.fun"
    LogicalPath="Libraries.Runtime.runtime.fun"
    Type="File"
    LastWriteTime="130560330440000000"
    Private="false" />
  <Object
    Path="D:\Projekty BER\Embraco_ZariadenieNaPreklapanieRotorov_A2021001\Logical\Libraries\Operator\Binary.lby"
    LogicalPath="Libraries.Operator"
    Type="Library"
    LastWriteTime="130560330440000000" />
  <Object
    Path="D:\Projekty BER\Embraco_ZariadenieNaPreklapanieRotorov_A2021001\Logical\Libraries\Operator\operator.fun"
    LogicalPath="Libraries.Operator.operator.fun"
    Type="File"
    LastWriteTime="130560330440000000"
    Private="false" />
  <Object
    Path="D:\Projekty BER\Embraco_ZariadenieNaPreklapanieRotorov_A2021001\Logical\Libraries\AsIecCon\Binary.lby"
    LogicalPath="Libraries.AsIecCon"
    Type="Library"
    LastWriteTime="130560330440000000" />
  <Object
    Path="D:\Projekty BER\Embraco_ZariadenieNaPreklapanieRotorov_A2021001\Logical\Libraries\AsIecCon\AsIecCon.fun"
    LogicalPath="Libraries.AsIecCon.AsIecCon.fun"
    Type="File"
    LastWriteTime="130560330440000000"
    Private="false" />
  <Object
    Path="D:\Projekty BER\Embraco_ZariadenieNaPreklapanieRotorov_A2021001\Logical\Libraries\astime\Binary.lby"
    LogicalPath="Libraries.astime"
    Type="Library"
    LastWriteTime="130560330440000000" />
  <Object
    Path="D:\Projekty BER\Embraco_ZariadenieNaPreklapanieRotorov_A2021001\Logical\Libraries\astime\astime.var"
    LogicalPath="Libraries.astime.astime.var"
    Type="File"
    LastWriteTime="130560330440000000"
    Private="false" />
  <Object
    Path="D:\Projekty BER\Embraco_ZariadenieNaPreklapanieRotorov_A2021001\Logical\Libraries\astime\astime.typ"
    LogicalPath="Libraries.astime.astime.typ"
    Type="File"
    LastWriteTime="130560330440000000"
    Private="false" />
  <Object
    Path="D:\Projekty BER\Embraco_ZariadenieNaPreklapanieRotorov_A2021001\Logical\Libraries\astime\astime.fun"
    LogicalPath="Libraries.astime.astime.fun"
    Type="File"
    LastWriteTime="130560330440000000"
    Private="false" />
  <Object
    Path="D:\Projekty BER\Embraco_ZariadenieNaPreklapanieRotorov_A2021001\Logical\Libraries\standard\Binary.lby"
    LogicalPath="Libraries.standard"
    Type="Library"
    LastWriteTime="130996673257630830" />
  <Object
    Path="D:\Projekty BER\Embraco_ZariadenieNaPreklapanieRotorov_A2021001\Logical\Libraries\standard\standard.fun"
    LogicalPath="Libraries.standard.standard.fun"
    Type="File"
    LastWriteTime="130996673257260809"
    Private="false" />
  <Object
    Path="D:\Projekty BER\Embraco_ZariadenieNaPreklapanieRotorov_A2021001\Logical\Libraries\standard\standard.typ"
    LogicalPath="Libraries.standard.standard.typ"
    Type="File"
    LastWriteTime="130996673257510823"
    Private="false" />
  <Object
    Path="D:\Projekty BER\Embraco_ZariadenieNaPreklapanieRotorov_A2021001\Logical\Libraries\standard\standard.var"
    LogicalPath="Libraries.standard.standard.var"
    Type="File"
    LastWriteTime="130996673257570827"
    Private="false" />
  <Object
    Path="D:\Projekty BER\Embraco_ZariadenieNaPreklapanieRotorov_A2021001\Logical\Libraries\AsBrStr\Binary.lby"
    LogicalPath="Libraries.AsBrStr"
    Type="Library"
    LastWriteTime="130997563866721883" />
  <Object
    Path="D:\Projekty BER\Embraco_ZariadenieNaPreklapanieRotorov_A2021001\Logical\Libraries\AsBrStr\AsBrStr.fun"
    LogicalPath="Libraries.AsBrStr.AsBrStr.fun"
    Type="File"
    LastWriteTime="130997563866501870"
    Private="false" />
  <Object
    Path="D:\Projekty BER\Embraco_ZariadenieNaPreklapanieRotorov_A2021001\Logical\Libraries\AsBrStr\AsBrStr.typ"
    LogicalPath="Libraries.AsBrStr.AsBrStr.typ"
    Type="File"
    LastWriteTime="130997563866571874"
    Private="false" />
  <Object
    Path="D:\Projekty BER\Embraco_ZariadenieNaPreklapanieRotorov_A2021001\Logical\Libraries\AsBrStr\AsBrStr.var"
    LogicalPath="Libraries.AsBrStr.AsBrStr.var"
    Type="File"
    LastWriteTime="130997563866661880"
    Private="false" />
  <Object
    Path="D:\Projekty BER\Embraco_ZariadenieNaPreklapanieRotorov_A2021001\Logical\Libraries\FileIO\Binary.lby"
    LogicalPath="Libraries.FileIO"
    Type="Library"
    LastWriteTime="130999971059944933" />
  <Object
    Path="D:\Projekty BER\Embraco_ZariadenieNaPreklapanieRotorov_A2021001\Logical\Libraries\FileIO\FileIO.fun"
    LogicalPath="Libraries.FileIO.FileIO.fun"
    Type="File"
    LastWriteTime="130999971059514908"
    Private="false" />
  <Object
    Path="D:\Projekty BER\Embraco_ZariadenieNaPreklapanieRotorov_A2021001\Logical\Libraries\FileIO\FileIO.typ"
    LogicalPath="Libraries.FileIO.FileIO.typ"
    Type="File"
    LastWriteTime="130999971059744921"
    Private="false" />
  <Object
    Path="D:\Projekty BER\Embraco_ZariadenieNaPreklapanieRotorov_A2021001\Logical\Libraries\FileIO\FileIO.var"
    LogicalPath="Libraries.FileIO.FileIO.var"
    Type="File"
    LastWriteTime="130999971059804924"
    Private="false" />
  <Object
    Path="D:\Projekty BER\Embraco_ZariadenieNaPreklapanieRotorov_A2021001\Logical\Libraries\sys_lib\binary.lby"
    LogicalPath="Libraries.sys_lib"
    Type="Library"
    LastWriteTime="132292752262474537" />
  <Object
    Path="D:\Projekty BER\Embraco_ZariadenieNaPreklapanieRotorov_A2021001\Logical\Libraries\sys_lib\sys_lib.fun"
    LogicalPath="Libraries.sys_lib.sys_lib.fun"
    Type="File"
    LastWriteTime="132292752262424707"
    Private="false" />
  <Object
    Path="D:\Projekty BER\Embraco_ZariadenieNaPreklapanieRotorov_A2021001\Logical\Libraries\sys_lib\sys_lib.typ"
    LogicalPath="Libraries.sys_lib.sys_lib.typ"
    Type="File"
    LastWriteTime="132292752262444652"
    Private="false" />
  <Object
    Path="D:\Projekty BER\Embraco_ZariadenieNaPreklapanieRotorov_A2021001\Logical\Libraries\sys_lib\sys_lib.var"
    LogicalPath="Libraries.sys_lib.sys_lib.var"
    Type="File"
    LastWriteTime="132292752262464605"
    Private="false" />
  <Object
    Path="D:\Projekty BER\Embraco_ZariadenieNaPreklapanieRotorov_A2021001\Logical\Libraries\SC\IEC.lby"
    LogicalPath="Libraries.SC"
    Type="Library"
    LastWriteTime="132654664849977591" />
  <Object
    Path="D:\Projekty BER\Embraco_ZariadenieNaPreklapanieRotorov_A2021001\Logical\Libraries\SC\Types.typ"
    LogicalPath="Libraries.SC.Types.typ"
    Type="File"
    LastWriteTime="132654664849663360"
    Private="false" />
  <Object
    Path="D:\Projekty BER\Embraco_ZariadenieNaPreklapanieRotorov_A2021001\Logical\Libraries\SC\Constants.var"
    LogicalPath="Libraries.SC.Constants.var"
    Type="File"
    LastWriteTime="132654664849683305"
    Private="false" />
  <Object
    Path="D:\Projekty BER\Embraco_ZariadenieNaPreklapanieRotorov_A2021001\Logical\Libraries\SC\SC.fun"
    LogicalPath="Libraries.SC.SC.fun"
    Type="File"
    LastWriteTime="132654664849693296"
    Private="false" />
  <Object
    Path="D:\Projekty BER\Embraco_ZariadenieNaPreklapanieRotorov_A2021001\Logical\Libraries\SC\SequenceControl.st"
    LogicalPath="Libraries.SC.SequenceControl.st"
    Type="File"
    LastWriteTime="132654664849977591"
    Private="false" />
  <Object
    Path="D:\Projekty BER\Embraco_ZariadenieNaPreklapanieRotorov_A2021001\Logical\Libraries\IecCheck\IEC.lby"
    LogicalPath="Libraries.IecCheck"
    Type="Library"
    LastWriteTime="132654665267787981" />
  <Object
    Path="D:\Projekty BER\Embraco_ZariadenieNaPreklapanieRotorov_A2021001\Logical\Libraries\IecCheck\IecCheck.fun"
    LogicalPath="Libraries.IecCheck.IecCheck.fun"
    Type="File"
    LastWriteTime="132654665267768030"
    Private="false" />
  <Object
    Path="D:\Projekty BER\Embraco_ZariadenieNaPreklapanieRotorov_A2021001\Logical\Libraries\IecCheck\IecCheck.st"
    LogicalPath="Libraries.IecCheck.IecCheck.st"
    Type="File"
    LastWriteTime="132654665267787981"
    Private="false" />
  <Object
    Path="D:\Projekty BER\Embraco_ZariadenieNaPreklapanieRotorov_A2021001\Logical\Program\Package.pkg"
    LogicalPath="Program"
    Type="Package"
    LastWriteTime="132292721432903184" />
  <Object
    Path="D:\Projekty BER\Embraco_ZariadenieNaPreklapanieRotorov_A2021001\Logical\Program\Main\IEC.prg"
    LogicalPath="Program.Main"
    Type="Program"
    LastWriteTime="132292721313264046" />
  <Object
    Path="D:\Projekty BER\Embraco_ZariadenieNaPreklapanieRotorov_A2021001\Logical\Program\Main\Main.st"
    LogicalPath="Program.Main.Main.st"
    Type="File"
    LastWriteTime="132318530546303020"
    Private="false" />
  <Object
    Path="D:\Projekty BER\Embraco_ZariadenieNaPreklapanieRotorov_A2021001\Logical\Program\Main\Types.typ"
    LogicalPath="Program.Main.Types.typ"
    Type="File"
    LastWriteTime="132318530641715475"
    Private="true" />
  <Object
    Path="D:\Projekty BER\Embraco_ZariadenieNaPreklapanieRotorov_A2021001\Logical\Program\Main\Variables.var"
    LogicalPath="Program.Main.Variables.var"
    Type="File"
    LastWriteTime="132318530733296758"
    Private="true" />
  <Object
    Path="D:\Projekty BER\Embraco_ZariadenieNaPreklapanieRotorov_A2021001\Physical\Config2\Config.pkg"
    LogicalPath="Config2"
    Type="Configuration.ParentUnknown"
    LastWriteTime="132444799879924464" />
  <Object
    Path="D:\Projekty BER\Embraco_ZariadenieNaPreklapanieRotorov_A2021001\Physical\Config2\Hardware.hw"
    LogicalPath="Config2.Hardware.hw"
    Type="File"
    LastWriteTime="132444799944954047"
    Private="false" />
  <Object
    Path="D:\Projekty BER\Embraco_ZariadenieNaPreklapanieRotorov_A2021001\Physical\Config2\Hardware.hwl"
    LogicalPath="Config2.Hardware.hwl"
    Type="File"
    LastWriteTime="132444800781197511"
    Private="false" />
  <Object
    Path="D:\Projekty BER\Embraco_ZariadenieNaPreklapanieRotorov_A2021001\Physical\Config2\PC\Cpu.pkg"
    LogicalPath="Config2.PC"
    Type="Cpu"
    LastWriteTime="132444799879974607" />
  <Object
    Path="D:\Projekty BER\Embraco_ZariadenieNaPreklapanieRotorov_A2021001\Physical\Config2\PC\Cpu.sw"
    LogicalPath="Config2.PC.Cpu.sw"
    Type="File"
    LastWriteTime="132654665268157151"
    Private="false" />
  <Object
    Path="D:\Projekty BER\Embraco_ZariadenieNaPreklapanieRotorov_A2021001\Physical\Config2\PC\Cpu.per"
    LogicalPath="Config2.PC.Cpu.per"
    Type="File"
    LastWriteTime="132324460127114830"
    Private="false" />
  <Object
    Path="D:\Projekty BER\Embraco_ZariadenieNaPreklapanieRotorov_A2021001\Physical\Config2\PC\IoMap.iom"
    LogicalPath="Config2.PC.IoMap.iom"
    Type="File"
    LastWriteTime="132324460127353931"
    Private="false" />
  <Object
    Path="D:\Projekty BER\Embraco_ZariadenieNaPreklapanieRotorov_A2021001\Physical\Config2\PC\PvMap.vvm"
    LogicalPath="Config2.PC.PvMap.vvm"
    Type="File"
    LastWriteTime="132324460127383851"
    Private="false" />
  <Object
    Path="D:\Projekty BER\Embraco_ZariadenieNaPreklapanieRotorov_A2021001\Physical\Config2\PC\Connectivity\Package.pkg"
    LogicalPath="Config2.PC.Connectivity"
    Type="Package"
    LastWriteTime="132324460127922432" />
  <Object
    Path="D:\Projekty BER\Embraco_ZariadenieNaPreklapanieRotorov_A2021001\Physical\Config2\PC\Connectivity\OpcUA\Package.pkg"
    LogicalPath="Config2.PC.Connectivity.OpcUA"
    Type="Package"
    LastWriteTime="132324460127892501" />
  <Object
    Path="D:\Projekty BER\Embraco_ZariadenieNaPreklapanieRotorov_A2021001\Physical\Config2\PC\TextSystem\Package.pkg"
    LogicalPath="Config2.PC.TextSystem"
    Type="Package"
    LastWriteTime="132324460127952352" />
  <Object
    Path="D:\Projekty BER\Embraco_ZariadenieNaPreklapanieRotorov_A2021001\Physical\Config2\PC\UnitSystem\Package.pkg"
    LogicalPath="Config2.PC.UnitSystem"
    Type="Package"
    LastWriteTime="132324460127982508" />
  <Object
    Path="D:\Projekty BER\Embraco_ZariadenieNaPreklapanieRotorov_A2021001\Physical\Config2\PC\AccessAndSecurity\Package.pkg"
    LogicalPath="Config2.PC.AccessAndSecurity"
    Type="Package"
    LastWriteTime="132324460128291447" />
  <Object
    Path="D:\Projekty BER\Embraco_ZariadenieNaPreklapanieRotorov_A2021001\Physical\Config2\PC\AccessAndSecurity\UserRoleSystem\Package.pkg"
    LogicalPath="Config2.PC.AccessAndSecurity.UserRoleSystem"
    Type="Package"
    LastWriteTime="132324460128062034" />
  <Object
    Path="D:\Projekty BER\Embraco_ZariadenieNaPreklapanieRotorov_A2021001\Physical\Config2\PC\AccessAndSecurity\UserRoleSystem\Role.role"
    LogicalPath="Config2.PC.AccessAndSecurity.UserRoleSystem.Role.role"
    Type="File"
    LastWriteTime="132324460128042099"
    Private="false" />
  <Object
    Path="D:\Projekty BER\Embraco_ZariadenieNaPreklapanieRotorov_A2021001\Physical\Config2\PC\AccessAndSecurity\UserRoleSystem\User.user"
    LogicalPath="Config2.PC.AccessAndSecurity.UserRoleSystem.User.user"
    Type="File"
    LastWriteTime="132324460128062034"
    Private="false" />
  <Object
    Path="D:\Projekty BER\Embraco_ZariadenieNaPreklapanieRotorov_A2021001\Physical\Config2\PC\AccessAndSecurity\CertificateStore\Package.pkg"
    LogicalPath="Config2.PC.AccessAndSecurity.CertificateStore"
    Type="Package"
    LastWriteTime="132324460128221614" />
  <Object
    Path="D:\Projekty BER\Embraco_ZariadenieNaPreklapanieRotorov_A2021001\Physical\Config2\PC\AccessAndSecurity\CertificateStore\OwnCertificates\Package.pkg"
    LogicalPath="Config2.PC.AccessAndSecurity.CertificateStore.OwnCertificates"
    Type="Package"
    LastWriteTime="132324460128131861" />
  <Object
    Path="D:\Projekty BER\Embraco_ZariadenieNaPreklapanieRotorov_A2021001\Physical\Config2\PC\AccessAndSecurity\CertificateStore\OwnCertificates\Certificates\Package.pkg"
    LogicalPath="Config2.PC.AccessAndSecurity.CertificateStore.OwnCertificates.Certificates"
    Type="Package"
    LastWriteTime="132324460128111921" />
  <Object
    Path="D:\Projekty BER\Embraco_ZariadenieNaPreklapanieRotorov_A2021001\Physical\Config2\PC\AccessAndSecurity\CertificateStore\OwnCertificates\PrivateKeys\Package.pkg"
    LogicalPath="Config2.PC.AccessAndSecurity.CertificateStore.OwnCertificates.PrivateKeys"
    Type="Package"
    LastWriteTime="132324460128131861" />
  <Object
    Path="D:\Projekty BER\Embraco_ZariadenieNaPreklapanieRotorov_A2021001\Physical\Config2\PC\AccessAndSecurity\CertificateStore\ThirdPartyCertificates\Package.pkg"
    LogicalPath="Config2.PC.AccessAndSecurity.CertificateStore.ThirdPartyCertificates"
    Type="Package"
    LastWriteTime="132324460128171746" />
  <Object
    Path="D:\Projekty BER\Embraco_ZariadenieNaPreklapanieRotorov_A2021001\Physical\Config2\PC\AccessAndSecurity\CertificateStore\ThirdPartyCertificates\SoftwareCertificates\Package.pkg"
    LogicalPath="Config2.PC.AccessAndSecurity.CertificateStore.ThirdPartyCertificates.SoftwareCertificates"
    Type="Package"
    LastWriteTime="132324460128171746" />
  <Object
    Path="D:\Projekty BER\Embraco_ZariadenieNaPreklapanieRotorov_A2021001\Physical\Config2\PC\AccessAndSecurity\CertificateStore\CertificateRevocationLists\Package.pkg"
    LogicalPath="Config2.PC.AccessAndSecurity.CertificateStore.CertificateRevocationLists"
    Type="Package"
    LastWriteTime="132324460128191696" />
  <Object
    Path="D:\Projekty BER\Embraco_ZariadenieNaPreklapanieRotorov_A2021001\Physical\Config2\PC\AccessAndSecurity\CertificateStore\CertificateSigningRequests\Package.pkg"
    LogicalPath="Config2.PC.AccessAndSecurity.CertificateStore.CertificateSigningRequests"
    Type="Package"
    LastWriteTime="132324460128221614" />
  <Object
    Path="D:\Projekty BER\Embraco_ZariadenieNaPreklapanieRotorov_A2021001\Physical\Config2\PC\AccessAndSecurity\TransportLayerSecurity\Package.pkg"
    LogicalPath="Config2.PC.AccessAndSecurity.TransportLayerSecurity"
    Type="Package"
    LastWriteTime="132324460128251597" />
  <Object
    Path="D:\Projekty BER\Embraco_ZariadenieNaPreklapanieRotorov_A2021001\Physical\Config2\PC\AccessAndSecurity\Firewall\Package.pkg"
    LogicalPath="Config2.PC.AccessAndSecurity.Firewall"
    Type="Package"
    LastWriteTime="132324460128281455" />
  <Object
    Path="D:\Projekty BER\Embraco_ZariadenieNaPreklapanieRotorov_A2021001\Physical\Config2\PC\AccessAndSecurity\Firewall\Rules.firewallRules"
    LogicalPath="Config2.PC.AccessAndSecurity.Firewall.Rules.firewallRules"
    Type="File"
    LastWriteTime="132324460128281455"
    Private="false" />
  <Object
    Path="D:\Projekty BER\Embraco_ZariadenieNaPreklapanieRotorov_A2021001\Physical\Config2\PC\mappControl\Package.pkg"
    LogicalPath="Config2.PC.mappControl"
    Type="Package"
    LastWriteTime="132324460128311387" />
  <Object
    Path="D:\Projekty BER\Embraco_ZariadenieNaPreklapanieRotorov_A2021001\Physical\Config2\PC\mappMotion\Package.pkg"
    LogicalPath="Config2.PC.mappMotion"
    Type="Package"
    LastWriteTime="132324460128341316" />
  <Object
    Path="D:\Projekty BER\Embraco_ZariadenieNaPreklapanieRotorov_A2021001\Physical\Config2\PC\mappServices\Package.pkg"
    LogicalPath="Config2.PC.mappServices"
    Type="Package"
    LastWriteTime="132324460128361515" />
  <Object
    Path="D:\Projekty BER\Embraco_ZariadenieNaPreklapanieRotorov_A2021001\Physical\Config2\PC\mappView\Package.pkg"
    LogicalPath="Config2.PC.mappView"
    Type="Package"
    LastWriteTime="132324460128381508" />
  <Object
    Path="D:\Projekty BER\Embraco_ZariadenieNaPreklapanieRotorov_A2021001\Physical\Config2\PC\mappCockpit\Package.pkg"
    LogicalPath="Config2.PC.mappCockpit"
    Type="Package"
    LastWriteTime="132324460128640525" />
  <Object
    Path="D:\Projekty BER\Embraco_ZariadenieNaPreklapanieRotorov_A2021001\Physical\Config2\PC\DTM\Package.pkg"
    LogicalPath="Config2.PC.DTM"
    Type="Package"
    LastWriteTime="132444799930629075" />
  <Object
    Path="D:\Projekty BER\Embraco_ZariadenieNaPreklapanieRotorov_A2021001\Physical\Config2\Hardware.jpg"
    LogicalPath="Config2.Hardware.jpg"
    Type="File"
    LastWriteTime="132444800781576237"
    Private="false" />
</Objects>